<?xml version="1.0" encoding="UTF-8"?>
<!-- Generated by org.testng.reporters.JUnitReportReporter -->
<testsuite hostname="DESKTOP-7A7P142" failures="0" tests="2" name="testcases.LoginTest" time="7.580" errors="0" timestamp="2025-01-02T19:02:53 IST" skipped="0">
  <testcase classname="testcases.LoginTest" name="validLoginTest" time="3.824"/>
  <system-out/>
  <testcase classname="testcases.LoginTest" name="validLoginTest" time="3.756"/>
  <system-out/>
</testsuite> <!-- testcases.LoginTest -->
