<?xml version="1.0" encoding="UTF-8"?>
<!-- Generated by org.testng.reporters.JUnitReportReporter -->
<testsuite hostname="DESKTOP-7A7P142" failures="0" tests="2" name="testcases.LoginTest" time="7.810" errors="0" timestamp="2024-12-29T22:56:50 IST" skipped="0">
  <testcase classname="testcases.LoginTest" name="validLoginTest" time="3.749"/>
  <testcase classname="testcases.LoginTest" name="validLoginTest" time="4.061"/>
</testsuite> <!-- testcases.LoginTest -->
